<?xml version="1.0" encoding="UTF-8"?>
<!-- Generated by org.testng.reporters.JUnitXMLReporter -->
<testsuite ignored="0" hostname="KN" failures="1" tests="1" name="TestChrome" time="11.228" errors="0" timestamp="2022-07-07T17:25:15 IST">
  <testcase classname="KiteTest.ValidateUserIdbyproperty" name="validateUserId" time="1.451">
    <failure type="java.lang.AssertionError" message="null">
      <![CDATA[java.lang.AssertionError: null
at KiteTest.ValidateUserIdbyproperty.validateUserId(ValidateUserIdbyproperty.java:59)
at java.base/java.util.ArrayList.forEach(ArrayList.java:1511)
... Removed 27 stack frames]]>
    </failure>
  </testcase> <!-- validateUserId -->
</testsuite> <!-- TestChrome -->
